  main.c
c:\users\lukeb\onedrive\computer vision\project 4\main.c(60): warning C4996: 'strcpy': This function or variable may be unsafe. Consider using strcpy_s instead. To disable deprecation, use _CRT_SECURE_NO_WARNINGS. See online help for details.
  c:\program files (x86)\windows kits\10\include\10.0.10240.0\ucrt\string.h(119): note: see declaration of 'strcpy'
c:\users\lukeb\onedrive\computer vision\project 4\main.c(86): warning C4047: 'function': 'BOOL *' differs in levels of indirection from 'BOOL **'
c:\users\lukeb\onedrive\computer vision\project 4\main.c(86): warning C4024: 'GetDlgItemInt': different types for formal and actual parameter 3
c:\users\lukeb\onedrive\computer vision\project 4\main.c(79): warning C4047: 'initializing': 'INT_PTR' differs in levels of indirection from 'void *'
c:\users\lukeb\onedrive\computer vision\project 4\main.c(109): warning C4047: 'function': 'BOOL *' differs in levels of indirection from 'BOOL **'
c:\users\lukeb\onedrive\computer vision\project 4\main.c(109): warning C4024: 'GetDlgItemInt': different types for formal and actual parameter 3
c:\users\lukeb\onedrive\computer vision\project 4\main.c(102): warning C4047: 'initializing': 'INT_PTR' differs in levels of indirection from 'void *'
c:\users\lukeb\onedrive\computer vision\project 4\main.c(242): warning C4113: 'void (__cdecl *)(char *,int,int,int)' differs in parameter lists from '_beginthread_proc_type'
c:\users\lukeb\onedrive\computer vision\project 4\main.c(203): warning C4996: 'fopen': This function or variable may be unsafe. Consider using fopen_s instead. To disable deprecation, use _CRT_SECURE_NO_WARNINGS. See online help for details.
  c:\program files (x86)\windows kits\10\include\10.0.10240.0\ucrt\stdio.h(205): note: see declaration of 'fopen'
c:\users\lukeb\onedrive\computer vision\project 4\main.c(208): warning C4996: 'fscanf': This function or variable may be unsafe. Consider using fscanf_s instead. To disable deprecation, use _CRT_SECURE_NO_WARNINGS. See online help for details.
  c:\program files (x86)\windows kits\10\include\10.0.10240.0\ucrt\stdio.h(1193): note: see declaration of 'fscanf'
c:\users\lukeb\onedrive\computer vision\project 4\main.c(255): warning C4996: 'sprintf': This function or variable may be unsafe. Consider using sprintf_s instead. To disable deprecation, use _CRT_SECURE_NO_WARNINGS. See online help for details.
  c:\program files (x86)\windows kits\10\include\10.0.10240.0\ucrt\stdio.h(1769): note: see declaration of 'sprintf'
c:\users\lukeb\onedrive\computer vision\project 4\main.c(457): warning C4996: 'sprintf': This function or variable may be unsafe. Consider using sprintf_s instead. To disable deprecation, use _CRT_SECURE_NO_WARNINGS. See online help for details.
  c:\program files (x86)\windows kits\10\include\10.0.10240.0\ucrt\stdio.h(1769): note: see declaration of 'sprintf'
c:\users\lukeb\onedrive\computer vision\project 4\main.c(469): warning C4026: function declared with formal parameter list
c:\users\lukeb\onedrive\computer vision\project 4\main.c(472): warning C4101: 'header': unreferenced local variable
c:\users\lukeb\onedrive\computer vision\project 4\main.c(471): warning C4101: 'fpt': unreferenced local variable
c:\users\lukeb\onedrive\computer vision\project 4\main.c(475): warning C4101: 'RegionPixels': unreferenced local variable
c:\users\lukeb\onedrive\computer vision\project 4\main.c(585): warning C4244: '=': conversion from 'double' to 'float', possible loss of data
c:\users\lukeb\onedrive\computer vision\project 4\main.c(617): warning C4996: '_sleep': This function or variable has been superceded by newer library or operating system functionality. Consider using Sleep instead. See online help for details.
  c:\program files (x86)\windows kits\10\include\10.0.10240.0\ucrt\stdlib.h(1266): note: see declaration of '_sleep'
c:\users\lukeb\onedrive\computer vision\project 4\main.c(623): warning C4996: '_sleep': This function or variable has been superceded by newer library or operating system functionality. Consider using Sleep instead. See online help for details.
  c:\program files (x86)\windows kits\10\include\10.0.10240.0\ucrt\stdlib.h(1266): note: see declaration of '_sleep'
  LINK : .\Debug\plus.exe not found or not built by the last incremental link; performing full link
main.obj : warning LNK4075: ignoring '/EDITANDCONTINUE' due to '/SAFESEH' specification
  plus.vcxproj -> C:\Users\lukeb\OneDrive\Computer Vision\Project 4\.\Debug\plus.exe
  plus.vcxproj -> .\Debug\plus.pdb (Full PDB)
